<?xml version="1.0" encoding="UTF-8"?>
<!-- Generated by org.testng.reporters.JUnitReportReporter -->
<testsuite hostname="DESKTOP-V45GMEH" name="testScripts.NewTest" tests="1" failures="0" timestamp="13 Sep 2021 14:20:11 GMT" time="0.016" errors="0">
  <testcase name="newTest" time="0.016" classname="testScripts.NewTest"/>
</testsuite> <!-- testScripts.NewTest -->
