<?xml version="1.0" encoding="UTF-8"?>
<!-- Generated by org.testng.reporters.JUnitReportReporter -->
<testsuite hostname="DESKTOP-V45GMEH" name="testScripts.NewTest" tests="1" failures="0" timestamp="13 Sep 2021 13:02:28 GMT" time="0.018" errors="0">
  <testcase name="dummyTest" time="0.018" classname="testScripts.NewTest"/>
</testsuite> <!-- testScripts.NewTest -->
